<?xml version="1.0" encoding="UTF-8"?>
<testng-results skipped="0" failed="0" total="1" passed="1">
  <reporter-output>
  </reporter-output>
  <suite name="Default suite" duration-ms="77922" started-at="2017-04-14T16:57:53Z" finished-at="2017-04-14T16:59:11Z">
    <groups>
    </groups>
    <test name="Default test" duration-ms="77922" started-at="2017-04-14T16:57:53Z" finished-at="2017-04-14T16:59:11Z">
      <class name="testcases.TC002_DeleteLead">
        <test-method status="PASS" signature="beforeSuite()[pri:0, instance:testcases.TC002_DeleteLead@1e46e8f]" name="beforeSuite" is-config="true" duration-ms="998" started-at="2017-04-14T22:27:52Z" finished-at="2017-04-14T22:27:53Z">
          <reporter-output>
          </reporter-output>
        </test-method> <!-- beforeSuite -->
        <test-method status="PASS" signature="beforeTest()[pri:0, instance:testcases.TC002_DeleteLead@1e46e8f]" name="beforeTest" is-config="true" duration-ms="1" started-at="2017-04-14T22:27:53Z" finished-at="2017-04-14T22:27:53Z">
          <reporter-output>
          </reporter-output>
        </test-method> <!-- beforeTest -->
        <test-method status="PASS" signature="setValues()[pri:0, instance:testcases.TC002_DeleteLead@1e46e8f]" name="setValues" is-config="true" duration-ms="0" started-at="2017-04-14T22:27:53Z" finished-at="2017-04-14T22:27:53Z">
          <reporter-output>
          </reporter-output>
        </test-method> <!-- setValues -->
        <test-method status="PASS" signature="beforeMethod()[pri:0, instance:testcases.TC002_DeleteLead@1e46e8f]" name="beforeMethod" is-config="true" duration-ms="10108" started-at="2017-04-14T22:27:54Z" finished-at="2017-04-14T22:28:04Z">
          <reporter-output>
          </reporter-output>
        </test-method> <!-- beforeMethod -->
        <test-method status="PASS" signature="createLead(java.lang.String, java.lang.String, java.lang.String)[pri:0, instance:testcases.TC002_DeleteLead@1e46e8f]" name="createLead" duration-ms="65277" started-at="2017-04-14T22:28:04Z" data-provider="fetchData" finished-at="2017-04-14T22:29:10Z">
          <params>
            <param index="0">
              <value>
                <![CDATA[DemoSalesManager]]>
              </value>
            </param>
            <param index="1">
              <value>
                <![CDATA[crmsfa]]>
              </value>
            </param>
            <param index="2">
              <value>
                <![CDATA[M]]>
              </value>
            </param>
          </params>
          <reporter-output>
          </reporter-output>
        </test-method> <!-- createLead -->
        <test-method status="PASS" signature="afterMethod()[pri:0, instance:testcases.TC002_DeleteLead@1e46e8f]" name="afterMethod" is-config="true" duration-ms="1290" started-at="2017-04-14T22:29:10Z" finished-at="2017-04-14T22:29:11Z">
          <reporter-output>
          </reporter-output>
        </test-method> <!-- afterMethod -->
        <test-method status="PASS" signature="afterTest()[pri:0, instance:testcases.TC002_DeleteLead@1e46e8f]" name="afterTest" is-config="true" duration-ms="1" started-at="2017-04-14T22:29:11Z" finished-at="2017-04-14T22:29:11Z">
          <reporter-output>
          </reporter-output>
        </test-method> <!-- afterTest -->
        <test-method status="PASS" signature="afterSuite()[pri:0, instance:testcases.TC002_DeleteLead@1e46e8f]" name="afterSuite" is-config="true" duration-ms="580" started-at="2017-04-14T22:29:11Z" finished-at="2017-04-14T22:29:12Z">
          <reporter-output>
          </reporter-output>
        </test-method> <!-- afterSuite -->
      </class> <!-- testcases.TC002_DeleteLead -->
    </test> <!-- Default test -->
  </suite> <!-- Default suite -->
</testng-results>
